<?xml version="1.0" encoding="UTF-8"?>
<testng-results skipped="0" failed="0" ignored="0" total="1" passed="1">
  <reporter-output>
  </reporter-output>
  <suite name="Default suite" duration-ms="10573" started-at="2022-11-19T18:18:50Z" finished-at="2022-11-19T18:19:00Z">
    <groups>
    </groups>
    <test name="Default test" duration-ms="10573" started-at="2022-11-19T18:18:50Z" finished-at="2022-11-19T18:19:00Z">
      <class name="variousConcepts.testNNG">
        <test-method status="PASS" signature="readConfig()[pri:0, instance:variousConcepts.testNNG@75c072cb]" name="readConfig" is-config="true" duration-ms="14" started-at="2022-11-19T18:18:50Z" finished-at="2022-11-19T18:18:50Z">
          <reporter-output>
          </reporter-output>
        </test-method> <!-- readConfig -->
        <test-method status="PASS" signature="init()[pri:0, instance:variousConcepts.testNNG@75c072cb]" name="init" is-config="true" duration-ms="2911" started-at="2022-11-19T18:18:50Z" finished-at="2022-11-19T18:18:53Z">
          <reporter-output>
          </reporter-output>
        </test-method> <!-- init -->
        <test-method status="PASS" signature="addCustomer()[pri:0, instance:variousConcepts.testNNG@75c072cb]" name="addCustomer" duration-ms="7630" started-at="2022-11-19T18:18:53Z" finished-at="2022-11-19T18:19:00Z">
          <reporter-output>
          </reporter-output>
        </test-method> <!-- addCustomer -->
      </class> <!-- variousConcepts.testNNG -->
    </test> <!-- Default test -->
  </suite> <!-- Default suite -->
</testng-results>
